C51 COMPILER V8.06   121                                                                   10/03/2015 01:02:47 PAGE 1   


C51 COMPILER V8.06, COMPILATION OF MODULE 121
OBJECT MODULE PLACED IN 121.OBJ
COMPILER INVOKED BY: D:\Keil\C51\BIN\C51.EXE 121.c BROWSE DEBUG OBJECTEXTEND

line level    source

   1          #include <STC12C5A.h>
   2          #include <1602.h>
   3          #include <DS18B20.h>
   4          
   5          #define uchar unsigned char
   6          #define uint unsigned int
   7          
   8          void delay(unsigned int x){
   9   1              uint i,j;
  10   1              for(i=0;i<x;i++)
  11   1                      for(j=0;j<1000;j++);
  12   1      }
  13          
  14          void main()
  15          {
  16   1      //      int a;
  17   1              LCD_Init();             
  18   1          while(1)
  19   1          {
  20   2      //              a=-3;
  21   2                      LCD_Clear();
  22   2                      DS18B20_GetTmp();
  23   2                      LCD_Write_String(0,0,"temperature:");
  24   2              LCD_Write_Char(4,1,temperature/10);
  25   2                      LCD_Write_Char(7,1,temperature%10);
  26   2                      LCD_Write_String(6,1,".");
  27   2                      delay(1000);
  28   2          }
  29   1      }


MODULE INFORMATION:   STATIC OVERLAYABLE
   CODE SIZE        =    566    ----
   CONSTANT SIZE    =     15    ----
   XDATA SIZE       =   ----    ----
   PDATA SIZE       =   ----    ----
   DATA SIZE        =      2       6
   IDATA SIZE       =   ----    ----
   BIT SIZE         =   ----    ----
END OF MODULE INFORMATION.


C51 COMPILATION COMPLETE.  0 WARNING(S),  0 ERROR(S)
