C51 COMPILER V8.06   EXAMPLE                                                               11/23/2015 10:41:12 PAGE 1   


C51 COMPILER V8.06, COMPILATION OF MODULE EXAMPLE
OBJECT MODULE PLACED IN example.OBJ
COMPILER INVOKED BY: D:\Keil\C51\BIN\C51.EXE example.c BROWSE DEBUG OBJECTEXTEND

line level    source

   1          #include <STC12C5A.h>
   2          #include <12864.h>
   3          
   4          #define uchar unsigned char
   5          #define uint unsigned int
   6          
   7          unsigned char code image[]={
   8          0x00,0x00,0x00,0x00,0x00,0x00,0x00,0x00,0x00,0x00,0x00,0x00,0x00,0x00,0x00,0x00,
   9          0x00,0x00,0x00,0x00,0x00,0x00,0x00,0x00,0x00,0x00,0x00,0x00,0x00,0x00,0x00,0x00,
  10          0x00,0x00,0x00,0x00,0x00,0x00,0x00,0x00,0x00,0x00,0x00,0x00,0x00,0x00,0x00,0x00,
  11          0x00,0x00,0x00,0x00,0x00,0x00,0x00,0xD4,0x00,0x00,0x00,0x00,0x00,0x00,0x00,0x00,
  12          0x00,0x00,0x00,0x00,0x00,0x00,0x05,0x01,0x00,0x00,0x00,0x00,0x00,0x00,0x00,0x00,
  13          0x00,0x00,0x00,0x00,0x00,0x00,0x10,0x00,0x80,0x00,0x00,0x00,0x00,0x00,0x00,0x00,
  14          0x00,0x00,0x00,0x00,0x00,0x00,0x20,0x00,0x00,0x00,0x00,0x00,0x00,0x00,0x00,0x00,
  15          0x00,0x00,0x00,0x00,0x00,0x00,0x40,0x00,0x80,0x00,0x00,0x00,0x00,0x00,0x00,0x00,
  16          0x00,0x00,0x00,0x00,0x00,0x20,0x00,0x00,0x00,0x00,0x00,0x00,0x00,0x00,0x00,0x00,
  17          0x00,0x00,0x03,0x50,0x00,0x50,0x80,0x01,0x00,0x00,0x00,0x00,0x00,0x00,0x00,0x00,
  18          0x00,0x00,0x3C,0x04,0x00,0xA0,0x00,0x00,0x00,0x00,0x00,0x00,0x00,0x00,0x00,0x00,
  19          0x00,0x00,0x40,0x01,0x0B,0x15,0x00,0x02,0x00,0x00,0x00,0x00,0x00,0x00,0x00,0x00,
  20          0x00,0x00,0x40,0x00,0x88,0x00,0x00,0x06,0x80,0x00,0x00,0x00,0x00,0x00,0x00,0x00,
  21          0x00,0x01,0x80,0x00,0x60,0x00,0x00,0x05,0x40,0x00,0x00,0x00,0x00,0x00,0x00,0x00,
  22          0x00,0x02,0x00,0x00,0x00,0x00,0x00,0x03,0x90,0x00,0x01,0xB6,0x36,0x00,0x00,0x00,
  23          0x00,0x00,0x00,0x00,0x00,0x00,0x00,0x02,0x40,0x00,0x01,0xFE,0x36,0x00,0x00,0x00,
  24          0x00,0x00,0x80,0x00,0x00,0x00,0x00,0x02,0x20,0x00,0x01,0xB6,0x36,0x00,0x00,0x00,
  25          0x00,0x00,0x40,0x00,0x00,0x00,0x00,0x02,0xA0,0x00,0x03,0x6F,0xFF,0x00,0x00,0x00,
  26          0x00,0x00,0x20,0x00,0x00,0x00,0x00,0x1D,0x00,0x00,0x00,0x00,0x2C,0x00,0x00,0x00,
  27          0x00,0x00,0x00,0x00,0x00,0x00,0x00,0x05,0xC0,0x00,0x00,0x00,0x28,0x00,0x00,0x00,
  28          0x00,0x00,0x10,0x00,0x00,0x00,0x00,0x04,0x00,0x00,0x00,0x00,0x38,0x00,0x00,0x00,
  29          0x00,0x00,0x00,0x00,0x00,0x00,0x00,0x0A,0x80,0x40,0x00,0x00,0x00,0x00,0x00,0x00,
  30          0x00,0x00,0x10,0x80,0x00,0x00,0x1F,0x08,0x47,0xF8,0x00,0x00,0x00,0x00,0x00,0x00,
  31          0x00,0x00,0x01,0x20,0x00,0x00,0x3D,0x13,0x0C,0x0E,0x00,0x00,0x00,0x00,0x00,0x00,
  32          0x00,0x00,0x08,0x10,0x00,0x00,0x27,0xA0,0x18,0x06,0x00,0x00,0x00,0x00,0x00,0x00,
  33          0x00,0x00,0x02,0x10,0x00,0x00,0x3F,0x80,0x38,0xC7,0x00,0x00,0x00,0x00,0x00,0x00,
  34          0x00,0x00,0x04,0x03,0xE0,0x00,0x33,0x90,0x3F,0xC7,0x00,0x00,0x00,0x00,0x00,0x00,
  35          0x00,0x00,0x00,0x03,0xB0,0x00,0x33,0x10,0x7F,0x87,0x00,0x00,0x00,0x00,0x00,0x00,
  36          0x00,0x00,0x08,0x24,0xF0,0x0C,0x0E,0x00,0xFF,0x1F,0x00,0x00,0x00,0x00,0x00,0x00,
  37          0x00,0x00,0x00,0x07,0xF0,0xC2,0x00,0x00,0xFE,0x1F,0x81,0xB3,0xE6,0xD8,0xF0,0x00,
  38          0x00,0x00,0x08,0x46,0x71,0x06,0x00,0x08,0x3F,0x1F,0x01,0xF6,0x67,0xF9,0xB0,0x00,
  39          0x00,0x00,0x00,0x03,0x20,0x98,0x00,0x00,0x3F,0xFF,0x01,0xB6,0xC6,0xD9,0x80,0x00,
  40          0x00,0x00,0x08,0x40,0xC0,0x24,0x00,0x04,0x3F,0x1F,0x03,0x7F,0xFD,0xBE,0xFC,0x00,
  41          0x00,0x00,0x00,0x00,0x00,0x00,0x00,0x02,0x1E,0x1E,0x00,0x00,0x00,0x00,0x00,0x00,
  42          0x00,0x00,0x08,0x00,0x00,0x00,0x00,0x01,0x0E,0x1C,0x00,0x00,0x00,0x00,0x00,0x00,
  43          0x00,0x00,0x08,0x00,0x00,0x00,0x00,0x00,0x87,0xF0,0x00,0x00,0x00,0x00,0x00,0x00,
  44          0x00,0x00,0x00,0x00,0x00,0x00,0x00,0x00,0x00,0x00,0x00,0x00,0x00,0x00,0x00,0x00,
  45          0x00,0x00,0x04,0x00,0x00,0x00,0x00,0x00,0x40,0x00,0x00,0x00,0x00,0x00,0x00,0x00,
  46          0x00,0x00,0x00,0x00,0x00,0x00,0x00,0x00,0x20,0x00,0x00,0x00,0x00,0x00,0x00,0x00,
  47          0x00,0x00,0x02,0x00,0x00,0x00,0x00,0x00,0x00,0x00,0x00,0x00,0x00,0x00,0x00,0x00,
  48          0x00,0x00,0x01,0x00,0x00,0x00,0x00,0x00,0x10,0x00,0x00,0x00,0x00,0x00,0x00,0x00,
  49          0x00,0x00,0x00,0x80,0x00,0x00,0x00,0x00,0x00,0x00,0x00,0xC0,0x00,0x00,0x00,0x00,
  50          0x00,0x00,0x00,0x40,0x00,0x00,0x00,0x02,0x08,0x00,0x00,0xC0,0x00,0x00,0x00,0x00,
  51          0x00,0x00,0x00,0x40,0x00,0x00,0x00,0x00,0x00,0x00,0x00,0x04,0x00,0x00,0x00,0x00,
  52          0x00,0x00,0x00,0x00,0x00,0x00,0x00,0x01,0x88,0x00,0x01,0x8C,0x00,0x00,0x00,0x00,
  53          0x00,0x00,0x00,0x00,0x00,0x00,0x00,0x00,0x20,0x00,0x01,0x8E,0x00,0x00,0x00,0x00,
  54          0x00,0x00,0x00,0x40,0x00,0x00,0x00,0x01,0x00,0x00,0x01,0xB6,0x06,0xDB,0x6C,0x00,
  55          0x00,0x00,0x00,0x00,0x00,0x00,0x00,0x00,0x00,0x00,0x03,0xFF,0x06,0xDB,0x6C,0x00,
C51 COMPILER V8.06   EXAMPLE                                                               11/23/2015 10:41:12 PAGE 2   

  56          0x00,0x00,0x00,0x40,0x00,0x00,0x00,0x01,0x00,0x00,0x00,0x00,0x00,0x00,0x00,0x00,
  57          0x00,0x00,0x00,0x00,0x00,0x00,0x00,0x00,0x00,0x00,0x00,0x00,0x00,0x00,0x00,0x00,
  58          0x00,0x00,0x00,0x20,0x00,0x00,0x00,0x02,0x00,0x00,0x00,0x00,0x00,0x00,0x00,0x00,
  59          0x00,0x00,0x00,0x10,0x00,0x00,0x00,0x04,0x00,0x00,0x00,0x00,0x00,0x00,0x00,0x00,
  60          0x00,0x00,0x00,0x00,0x00,0x00,0x00,0x00,0x00,0x00,0x00,0x00,0x00,0x00,0x00,0x00,
  61          0x00,0x00,0x00,0x08,0x00,0x00,0x00,0x10,0x00,0x00,0x00,0x00,0x00,0x00,0x00,0x00,
  62          0x00,0x00,0x00,0x02,0x00,0x00,0x00,0x20,0x00,0x00,0x00,0x00,0x00,0x00,0x00,0x00,
  63          0x00,0x00,0x00,0x00,0x40,0x00,0x01,0x40,0x00,0x00,0x00,0x00,0x00,0x00,0x00,0x00,
  64          0x00,0x00,0x00,0x00,0x94,0xA4,0x68,0x40,0x00,0x00,0x00,0x00,0x00,0x00,0x00,0x00,
  65          0x00,0x00,0x00,0x00,0x02,0x19,0x00,0x00,0x00,0x00,0x00,0x00,0x00,0x00,0x00,0x00,
  66          0x00,0x00,0x00,0x00,0x42,0x00,0x10,0x80,0x00,0x00,0x00,0x00,0x00,0x00,0x00,0x00,
  67          0x00,0x00,0x00,0x00,0x20,0x00,0x01,0x00,0x00,0x00,0x00,0x00,0x00,0x00,0x00,0x00,
  68          0x00,0x00,0x00,0x00,0x14,0x00,0x0A,0x00,0x00,0x00,0x00,0x00,0x00,0x00,0x00,0x00,
  69          0x00,0x00,0x00,0x00,0x00,0x00,0x00,0x00,0x00,0x00,0x00,0x00,0x00,0x00,0x00,0x00,
  70          0x00,0x00,0x00,0x00,0x00,0x00,0x00,0x00,0x00,0x00,0x00,0x00,0x00,0x00,0x00,0x00,
  71          0x00,0x00,0x00,0x00,0x00,0x00,0x00,0x00,0x00,0x00,0x00,0x00,0x00,0x00,0x00,0x00,
  72          };
  73          
  74          void delay(unsigned int x){
  75   1              uint i,j;
  76   1              for(i=0;i<x;i++)
  77   1                      for(j=0;j<1000;j++);
  78   1      }
  79          
  80          void main(){
  81   1              LCD12864_Init();
  82   1              while(1){       
  83   2                      LCD12864_Clear();
  84   2                      LCD12864_String(0,0,"接下来，我们有请");             
  85   2                      delay(5);
  86   2                      LCD12864_String(1,2,"霄阳同学");            
  87   2                      delay(5);
  88   2                      LCD12864_String(2,2,"闪亮登场");           
  89   2                      delay(5);
  90   2                      LCD12864_String(3,2,"。。。。");            
  91   2                      delay(4000);    
  92   2                      LCD12864_Clear();
  93   2                      LCD12864_Char(0,63,0xC0,0xff);
  94   2                      delay(4000);
  95   2                      LCD12864_Clear();
  96   2                      LCD12864_Draw(image);
  97   2                      delay(4000);
  98   2              }
  99   1      }


MODULE INFORMATION:   STATIC OVERLAYABLE
   CODE SIZE        =    731    ----
   CONSTANT SIZE    =   1068    ----
   XDATA SIZE       =   ----    ----
   PDATA SIZE       =   ----    ----
   DATA SIZE        =   ----      12
   IDATA SIZE       =   ----    ----
   BIT SIZE         =   ----       1
END OF MODULE INFORMATION.


C51 COMPILATION COMPLETE.  0 WARNING(S),  0 ERROR(S)
